[debug] [2022-04-07T22:28:58.729Z] ----------------------------------------------------------------------
[debug] [2022-04-07T22:28:58.731Z] Command:       /usr/local/Cellar/node/17.8.0/bin/node /usr/local/bin/firebase deploy
[debug] [2022-04-07T22:28:58.732Z] CLI Version:   10.5.0
[debug] [2022-04-07T22:28:58.732Z] Platform:      darwin
[debug] [2022-04-07T22:28:58.732Z] Node Version:  v17.8.0
[debug] [2022-04-07T22:28:58.733Z] Time:          Thu Apr 07 2022 15:28:58 GMT-0700 (Pacific Daylight Saving Time)
[debug] [2022-04-07T22:28:58.733Z] ----------------------------------------------------------------------
[debug] 
[debug] [2022-04-07T22:28:58.794Z] > command requires scopes: ["email","openid","https://www.googleapis.com/auth/cloudplatformprojects.readonly","https://www.googleapis.com/auth/firebase","https://www.googleapis.com/auth/cloud-platform"]
[debug] [2022-04-07T22:28:58.794Z] > authorizing via signed-in user (ldiu@my.bcit.ca)
[debug] [2022-04-07T22:28:58.794Z] [iam] checking project bbyteam32 for permissions ["datastore.indexes.create","datastore.indexes.delete","datastore.indexes.list","datastore.indexes.update","firebase.projects.get","firebasehosting.sites.update","firebaserules.releases.create","firebaserules.releases.update","firebaserules.rulesets.create"]
[debug] [2022-04-07T22:28:58.796Z] >>> [apiv2][query] POST https://cloudresourcemanager.googleapis.com/v1/projects/bbyteam32:testIamPermissions [none]
[debug] [2022-04-07T22:28:58.796Z] >>> [apiv2][body] POST https://cloudresourcemanager.googleapis.com/v1/projects/bbyteam32:testIamPermissions {"permissions":["datastore.indexes.create","datastore.indexes.delete","datastore.indexes.list","datastore.indexes.update","firebase.projects.get","firebasehosting.sites.update","firebaserules.releases.create","firebaserules.releases.update","firebaserules.rulesets.create"]}
[debug] [2022-04-07T22:28:58.822Z] [iam] error while checking permissions, command may fail: FirebaseError: Failed to make request to https://cloudresourcemanager.googleapis.com/v1/projects/bbyteam32:testIamPermissions
[debug] [2022-04-07T22:28:58.823Z] >>> [apiv2][query] GET https://firebase.googleapis.com/v1beta1/projects/bbyteam32 [none]
[debug] [2022-04-07T22:28:58.827Z] Failed to make request to https://firebase.googleapis.com/v1beta1/projects/bbyteam32
[debug] [2022-04-07T22:28:58.855Z] FirebaseError: Failed to make request to https://firebase.googleapis.com/v1beta1/projects/bbyteam32
    at RetryOperation._fn (/usr/local/lib/node_modules/firebase-tools/lib/apiv2.js:240:31)
    at processTicksAndRejections (node:internal/process/task_queues:96:5)
[error] 
[error] Error: Failed to get Firebase project bbyteam32. Please make sure the project exists and your account has permission to access it.
